Microsoft (R) Macro Assembler Version 12.00.21005.1	    06/03/16 21:06:54
MASM Template(main.asm					     Page 1 - 1


				TITLE MASM Template(main.asm)
				INCLUDE Irvine32.inc
			      C ; Include file for Irvine32.lib             (Irvine32.inc)
			      C 
			      C ;OPTION CASEMAP:NONE		; optional: make identifiers case-sensitive
			      C 
			      C INCLUDE SmallWin.inc		; MS-Windows prototypes, structures, and constants
			      C .NOLIST
			      C .LIST
			      C 
			      C INCLUDE VirtualKeys.inc
			      C ; VirtualKeys.inc
			      C .NOLIST
			      C .LIST
			      C 
			      C 
			      C .NOLIST
			      C .LIST
			      C 
 00000000			.data
 00000000 BD D0 BF E9 A4		Msg1 BYTE "請輸入 A :",0;文字字串
	   4A 20 41 20 3A
	   00
 0000000B BD D0 BF E9 A4		Msg2 BYTE "請輸入 B :",0;文字字串
	   4A 20 42 20 3A
	   00
 00000016 BD D0 BF E9 A4		Msg3 BYTE "請輸入 C :",0;文字字串
	   4A 20 43 20 3A
	   00
 00000021 BD D0 BF E9 A4		Msg4 BYTE "請輸入 D :",0;文字字串
	   4A 20 44 20 3A
	   00
 0000002C A5 5B 20 3A 00		Msg5 BYTE "加 :",0;文字字串
 00000031 B4 EE 20 3A 00		Msg6 BYTE "減 :",0;文字字串
 00000036 AD BC 20 3A 00		Msg7 BYTE "乘 :",0;文字字串
 0000003B B0 A3 20 3A 00		Msg8 BYTE "除 :",0;文字字串
 00000040 A2 77 00			Msg9 BYTE "─",0
 00000043 20 00				Msg10 BYTE " ",0
 00000045 20 20 20 20 00		Msg11 BYTE "    ",0
 0000004A B5 4C B7 4E B8		Msg12 BYTE "無意義",0
	   71 00
 00000051 20 3D 20 00			Msg13 BYTE " = ",0
 00000055 2E 00				Msg14 BYTE ".",0
 00000057 00000000			Anum SDWORD 0
 0000005B 00000000			Bnum SDWORD 0
 0000005F 00000000			Cnum SDWORD 0
 00000063 00000000			Dnum SDWORD 0
 00000067 00000000			count DWORD 0
 0000006B 00000000			molecular SDWORD 0       ;分子
 0000006F 00000000			denominator SDWORD 0		;分母
 00000000			.code
 00000000			main PROC
 00000000  BA 00000000 R		Mov EDX,OFFSET Msg1;將粍字串搬進
 00000005  E8 00000000 E		Call WriteString;呼叫印出字串
 0000000A  E8 00000000 E		Call ReadInt
 0000000F  A3 00000057 R		Mov Anum,eax
 00000014  BA 0000000B R		Mov EDX,OFFSET Msg2;將粍字串搬進
 00000019  E8 00000000 E		Call WriteString;呼叫印出字串
 0000001E  E8 00000000 E		Call ReadInt
 00000023  A3 0000005B R		Mov Bnum,eax
 00000028  BA 00000016 R		Mov EDX,OFFSET Msg3;將粍字串搬進
 0000002D  E8 00000000 E		Call WriteString;呼叫印出字串
 00000032  E8 00000000 E		Call ReadInt
 00000037  A3 0000005F R		Mov Cnum,eax
 0000003C  BA 00000021 R		Mov EDX,OFFSET Msg4;將粍字串搬進
 00000041  E8 00000000 E		Call WriteString;呼叫印出字串
 00000046  E8 00000000 E		Call ReadInt
 0000004B  A3 00000063 R		Mov Dnum,eax

 00000050  BA 0000002C R		mov edx,OFFSET Msg5
 00000055  E8 00000000 E		Call WriteString
 0000005A  E8 00000034			Call plus
 0000005F  BA 00000031 R		mov edx,OFFSET Msg6
 00000064  E8 00000000 E		Call WriteString
 00000069  E8 00000087			Call less
 0000006E  BA 00000036 R		mov edx,OFFSET Msg7
 00000073  E8 00000000 E		Call WriteString
 00000078  E8 000000D3			Call multiply
 0000007D  BA 0000003B R		mov edx,OFFSET Msg8
 00000082  E8 00000000 E		Call WriteString
 00000087  E8 00000117			Call except
				exit
				;-----------------------------------------------主程式結束
				;-------------------------------------副程式開始
				;------------------------------加start
 00000093			plus PROC
 00000093  A1 0000005B R		mov eax,Bnum
 00000098  F7 2D 00000063 R		imul Dnum
 0000009E  A3 0000006F R		mov denominator,eax
 000000A3  83 3D 0000006F R		cmp denominator,0
	   00
 000000AA  75 10			jne noZero
 000000AC  BA 0000004A R		mov edx,OFFSET Msg12
 000000B1  E8 00000000 E		Call WriteString
 000000B6  E8 00000000 E		Call Crlf
 000000BB  C3				ret
 000000BC			noZero:
 000000BC  A1 00000057 R		mov eax,Anum
 000000C1  F7 2D 00000063 R		imul Dnum
 000000C7  8B 1D 0000005B R		mov ebx,Bnum
 000000CD  0F AF 1D			imul ebx,Cnum
	   0000005F R
 000000D4  03 C3			ADD eax,ebx
 000000D6  75 0B			jnz noZero2
 000000D8  E8 00000000 E		Call WriteDec
 000000DD  E8 00000000 E		Call Crlf
 000000E2  C3				ret
 000000E3			noZero2:
 000000E3  A3 0000006B R		mov molecular,eax
 000000E8  83 3D 0000006F R		cmp denominator,0
	   00
					
 000000EF  E8 00000102			Call reduction
 000000F4  C3				ret
 000000F5			plus ENDP
				;------------------------------加end
				;-----------------------------------------------
				;------------------------------減start
 000000F5			less PROC
 000000F5  A1 0000005B R		mov eax,Bnum
 000000FA  F7 2D 00000063 R		imul Dnum
 00000100  A3 0000006F R		mov denominator,eax
 00000105  83 3D 0000006F R		cmp denominator,0
	   00
 0000010C  75 10			jne noZero
 0000010E  BA 0000004A R		mov edx,OFFSET Msg12
 00000113  E8 00000000 E		Call WriteString
 00000118  E8 00000000 E		Call Crlf
 0000011D  C3				ret
 0000011E			noZero:
 0000011E  A1 00000057 R		mov eax,Anum
 00000123  F7 2D 00000063 R		imul Dnum
 00000129  8B 1D 0000005B R		mov ebx,Bnum
 0000012F  0F AF 1D			imul ebx,Cnum
	   0000005F R
 00000136  2B C3			SUB eax,ebx
 00000138  75 0B			jnz noZero2
 0000013A  E8 00000000 E		Call WriteDec
 0000013F  E8 00000000 E		Call Crlf
 00000144  C3				ret
 00000145			noZero2:
 00000145  A3 0000006B R		mov molecular,eax
 0000014A  E8 000000A7			Call reduction
 0000014F  C3				ret
 00000150			less ENDP
				;------------------------------減end
				;-----------------------------------------------
				;------------------------------乘start
 00000150			multiply PROC
 00000150  A1 0000005B R		mov eax,Bnum
 00000155  F7 2D 00000063 R		imul Dnum
 0000015B  A3 0000006F R		mov denominator,eax
 00000160  83 3D 0000006F R		cmp denominator,0
	   00
 00000167  75 10			jne noZero
 00000169  BA 0000004A R		mov edx,OFFSET Msg12
 0000016E  E8 00000000 E		Call WriteString
 00000173  E8 00000000 E		Call Crlf
 00000178  C3				ret
 00000179			noZero:
 00000179  A1 00000057 R		mov eax,Anum
 0000017E  F7 2D 0000005F R		imul Cnum
 00000184  A3 0000006B R		mov molecular,eax
 00000189  83 3D 0000006B R		cmp molecular,0
	   00
 00000190  75 0B			jnz noZero2
 00000192  E8 00000000 E		Call WriteDec
 00000197  E8 00000000 E		Call Crlf
 0000019C  C3				ret
 0000019D			noZero2:
 0000019D  E8 00000054			Call reduction
 000001A2  C3				ret
 000001A3			multiply ENDP
				;------------------------------乘end
				;-----------------------------------------------
				;------------------------------除start
 000001A3			except PROC
 000001A3  A1 0000005B R		mov eax,Bnum
 000001A8  F7 2D 0000005F R		imul Cnum
 000001AE  A3 0000006F R		mov denominator,eax
 000001B3  83 3D 0000006F R		cmp denominator,0
	   00
 000001BA  75 10			jne noZero
 000001BC  BA 0000004A R		mov edx,OFFSET Msg12
 000001C1  E8 00000000 E		Call WriteString
 000001C6  E8 00000000 E		Call Crlf
 000001CB  C3				ret
 000001CC			noZero:
 000001CC  A1 00000057 R		mov eax,Anum
 000001D1  F7 2D 00000063 R		imul Dnum
 000001D7  A3 0000006B R		mov molecular,eax
 000001DC  83 3D 0000006B R		cmp molecular,0
	   00
 000001E3  75 0B			jnz noZero2
 000001E5  E8 00000000 E		Call WriteDec
 000001EA  E8 00000000 E		Call Crlf
 000001EF  C3				ret
 000001F0			noZero2:
 000001F0  E8 00000001			Call reduction
 000001F5  C3				ret
 000001F6			except ENDP
				;------------------------------除end
				;-----------------------------------------------
				;------------------------------約分start
 000001F6			reduction PROC
 000001F6  C7 05 00000067 R		mov count,0						;最大公因數歸0
	   00000000
 00000200  A1 0000006B R		mov eax,molecular				;分子放進 eax
 00000205  83 F8 00			cmp eax,0
 00000208  7F 02			jg nosign1						;判斷是否有號數
 0000020A  F7 D8			neg eax							;若是 取二補數
 0000020C			nosign1:							
 0000020C  8B 1D 0000006F R		mov ebx,denominator				;分母放進 eax
 00000212  83 FB 00			cmp ebx,0
 00000215  7F 02			jg nosign2						;判斷是否有號數
 00000217  F7 DB			neg ebx							;若是 取二補數
 00000219			nosign2:

 00000219			flounder:							;輾轉相除法取最大公因數迴圈
 00000219  3B C3			cmp eax,ebx						;比較分子與分母
 0000021B  74 20			je endflounder					;如果相同 跳出迴圈
 0000021D  83 3D 00000067 R		cmp count,1						;比較最大公因數是否為1
	   01
 00000224  74 17			je endflounder					;如果最大公因數為1 跳出迴圈

 00000226  3B C3			cmp eax,ebx						;比較分子分母誰大
 00000228  77 0A			ja Mbig							;若分子大 跳到 M Big
 0000022A  2B D8			SUB ebx,eax						;分母 - 分子
 0000022C  89 1D 00000067 R		mov count,ebx					;放進 count
 00000232  EB E5			jmp flounder					;迴圈
 00000234			Mbig:
 00000234  2B C3			SUB eax,ebx						;分子 - 分母
 00000236  A3 00000067 R		mov count,eax					;放進 count
 0000023B  EB DC			jmp flounder					;迴圈
 0000023D			endflounder:
 0000023D  A1 0000006B R		mov eax,molecular				;將分子放進 eax
 00000242  99				CDQ								;拓展
 00000243  F7 3D 00000067 R		idiv count						;除以最大公因數
 00000249  A3 0000006B R		mov molecular,eax				;將 約分完的數字放回 分子

 0000024E  A1 0000006F R		mov eax,denominator				;將分母放進 eax
 00000253  99				CDQ								;拓展
 00000254  F7 3D 00000067 R		idiv count						;除以最大公因數
 0000025A  A3 0000006F R		mov denominator,eax				;將約分完的數字放回 分母
 0000025F  E8 00000001			Call print
 00000264  C3				ret 
 00000265			reduction ENDP
				;------------------------------約分end
 00000265			print PROC
 00000265  A1 0000006F R		mov eax,denominator
 0000026A  79 0C			jns nosign
 0000026C  F7 1D 0000006B R		neg molecular
 00000272  F7 1D 0000006F R		neg denominator
 00000278			nosign:
 00000278  E8 00000000 E		Call Crlf
 0000027D  E8 00000000 E		Call Crlf
 00000282  BA 00000045 R		mov edx,OFFSET Msg11
 00000287  E8 00000000 E		Call WriteString
 0000028C  A1 0000006B R		mov eax,molecular				;↓印出
 00000291  83 F8 00			cmp eax,0
 00000294  7F 07			jg Msign
 00000296  E8 00000000 E		Call WriteInt
 0000029B  EB 0F			jmp next
 0000029D			Msign:
 0000029D  BA 00000043 R		mov edx,OFFSET Msg10
 000002A2  E8 00000000 E		Call WriteString
 000002A7  E8 00000000 E		Call WriteDec
 000002AC			Next:
 000002AC  E8 00000000 E		Call Crlf
 000002B1  BA 00000045 R		mov edx,OFFSET Msg11
 000002B6  E8 00000000 E		Call WriteString
 000002BB  BA 00000040 R		mov edx,OFFSET Msg9
 000002C0  E8 00000000 E		Call WriteString
 000002C5  E8 00000000 E		Call Crlf
 000002CA  BA 00000045 R		mov edx,OFFSET Msg11
 000002CF  E8 00000000 E		Call WriteString
 000002D4  A1 0000006F R		mov eax,denominator
 000002D9  E8 00000000 E		Call WriteInt
 000002DE  BA 00000051 R		mov edx,OFFSET Msg13
 000002E3  E8 00000000 E		Call WriteString

 000002E8  A1 0000006B R		mov eax,molecular
 000002ED  99				CDQ 
 000002EE  F7 3D 0000006F R		idiv denominator
 000002F4  E8 00000000 E		Call WriteInt
 000002F9  8B C2			mov eax,edx
 000002FB  BA 00000055 R		mov edx,OFFSET Msg14
 00000300  E8 00000000 E		Call WriteString
 00000305  6B C0 0A			imul eax,10
 00000308  99				CDQ
 00000309  F7 3D 0000006F R		idiv denominator
 0000030F  83 F8 00			cmp eax,0
 00000312  7F 0D			jg sign
 00000314  F7 D8			neg eax
 00000316  E8 00000000 E		Call WriteDec
 0000031B  E8 00000000 E		Call Crlf
 00000320  C3				ret
 00000321			sign:
 00000321  E8 00000000 E		Call WriteDec
 00000326  E8 00000000 E		Call Crlf
 0000032B  C3				ret
 0000032C			print ENDP
				;-------------------------------------副程式結束
 0000032C			main ENDP
				END main
Microsoft (R) Macro Assembler Version 12.00.21005.1	    06/03/16 21:06:54
MASM Template(main.asm					     Symbols 2 - 1




Structures and Unions:

                N a m e                  Size
                                         Offset      Type

CONSOLE_CURSOR_INFO  . . . . . .	 00000008
  dwSize . . . . . . . . . . . .	 00000000	 DWord
  bVisible . . . . . . . . . . .	 00000004	 DWord
CONSOLE_SCREEN_BUFFER_INFO . . .	 00000016
  dwSize . . . . . . . . . . . .	 00000000	 DWord
  dwCursorPosition . . . . . . .	 00000004	 DWord
  wAttributes  . . . . . . . . .	 00000008	 Word
  srWindow . . . . . . . . . . .	 0000000A	 QWord
  dwMaximumWindowSize  . . . . .	 00000012	 DWord
COORD  . . . . . . . . . . . . .	 00000004
  X  . . . . . . . . . . . . . .	 00000000	 Word
  Y  . . . . . . . . . . . . . .	 00000002	 Word
FILETIME . . . . . . . . . . . .	 00000008
  loDateTime . . . . . . . . . .	 00000000	 DWord
  hiDateTime . . . . . . . . . .	 00000004	 DWord
FOCUS_EVENT_RECORD . . . . . . .	 00000004
  bSetFocus  . . . . . . . . . .	 00000000	 DWord
FPU_ENVIRON  . . . . . . . . . .	 0000001C
  controlWord  . . . . . . . . .	 00000000	 Word
  statusWord . . . . . . . . . .	 00000004	 Word
  tagWord  . . . . . . . . . . .	 00000008	 Word
  instrPointerOffset . . . . . .	 0000000C	 DWord
  instrPointerSelector . . . . .	 00000010	 DWord
  operandPointerOffset . . . . .	 00000014	 DWord
  operandPointerSelector . . . .	 00000018	 Word
INPUT_RECORD . . . . . . . . . .	 00000014
  EventType  . . . . . . . . . .	 00000000	 Word
  Event  . . . . . . . . . . . .	 00000004	 XmmWord
  bKeyDown . . . . . . . . . . .	 00000000	 DWord
  wRepeatCount . . . . . . . . .	 00000004	 Word
  wVirtualKeyCode  . . . . . . .	 00000006	 Word
  wVirtualScanCode . . . . . . .	 00000008	 Word
  uChar  . . . . . . . . . . . .	 0000000A	 Word
  UnicodeChar  . . . . . . . . .	 00000000	 Word
  AsciiChar  . . . . . . . . . .	 00000000	 Byte
  dwControlKeyState  . . . . . .	 0000000C	 DWord
  dwMousePosition  . . . . . . .	 00000000	 DWord
  dwButtonState  . . . . . . . .	 00000004	 DWord
  dwMouseControlKeyState . . . .	 00000008	 DWord
  dwEventFlags . . . . . . . . .	 0000000C	 DWord
  dwSize . . . . . . . . . . . .	 00000000	 DWord
  dwCommandId  . . . . . . . . .	 00000000	 DWord
  bSetFocus  . . . . . . . . . .	 00000000	 DWord
KEY_EVENT_RECORD . . . . . . . .	 00000010
  bKeyDown . . . . . . . . . . .	 00000000	 DWord
  wRepeatCount . . . . . . . . .	 00000004	 Word
  wVirtualKeyCode  . . . . . . .	 00000006	 Word
  wVirtualScanCode . . . . . . .	 00000008	 Word
  uChar  . . . . . . . . . . . .	 0000000A	 Word
  UnicodeChar  . . . . . . . . .	 00000000	 Word
  AsciiChar  . . . . . . . . . .	 00000000	 Byte
  dwControlKeyState  . . . . . .	 0000000C	 DWord
MENU_EVENT_RECORD  . . . . . . .	 00000004
  dwCommandId  . . . . . . . . .	 00000000	 DWord
MOUSE_EVENT_RECORD . . . . . . .	 00000010
  dwMousePosition  . . . . . . .	 00000000	 DWord
  dwButtonState  . . . . . . . .	 00000004	 DWord
  dwMouseControlKeyState . . . .	 00000008	 DWord
  dwEventFlags . . . . . . . . .	 0000000C	 DWord
SMALL_RECT . . . . . . . . . . .	 00000008
  Left . . . . . . . . . . . . .	 00000000	 Word
  Top  . . . . . . . . . . . . .	 00000002	 Word
  Right  . . . . . . . . . . . .	 00000004	 Word
  Bottom . . . . . . . . . . . .	 00000006	 Word
SYSTEMTIME . . . . . . . . . . .	 00000010
  wYear  . . . . . . . . . . . .	 00000000	 Word
  wMonth . . . . . . . . . . . .	 00000002	 Word
  wDayOfWeek . . . . . . . . . .	 00000004	 Word
  wDay . . . . . . . . . . . . .	 00000006	 Word
  wHour  . . . . . . . . . . . .	 00000008	 Word
  wMinute  . . . . . . . . . . .	 0000000A	 Word
  wSecond  . . . . . . . . . . .	 0000000C	 Word
  wMilliseconds  . . . . . . . .	 0000000E	 Word
WINDOW_BUFFER_SIZE_RECORD  . . .	 00000004
  dwSize . . . . . . . . . . . .	 00000000	 DWord


Segments and Groups:

                N a m e                 Size     Length   Align   Combine Class

FLAT . . . . . . . . . . . . . .	GROUP
STACK  . . . . . . . . . . . . .	32 Bit	 00001000 Para	  Stack	  'STACK'	 
_DATA  . . . . . . . . . . . . .	32 Bit	 00000073 Para	  Public  'DATA'	
_TEXT  . . . . . . . . . . . . .	32 Bit	 0000032C Para	  Public  'CODE'	


Procedures, parameters, and locals:

                N a m e                 Type     Value    Attr

CloseFile  . . . . . . . . . . .	P Near	 00000000 FLAT	Length= 00000000 External STDCALL
CloseHandle  . . . . . . . . . .	P Near	 00000000 FLAT	Length= 00000000 External STDCALL
Clrscr . . . . . . . . . . . . .	P Near	 00000000 FLAT	Length= 00000000 External STDCALL
CreateFileA  . . . . . . . . . .	P Near	 00000000 FLAT	Length= 00000000 External STDCALL
CreateOutputFile . . . . . . . .	P Near	 00000000 FLAT	Length= 00000000 External STDCALL
Crlf . . . . . . . . . . . . . .	P Near	 00000000 FLAT	Length= 00000000 External STDCALL
Delay  . . . . . . . . . . . . .	P Near	 00000000 FLAT	Length= 00000000 External STDCALL
DumpMem  . . . . . . . . . . . .	P Near	 00000000 FLAT	Length= 00000000 External STDCALL
DumpRegs . . . . . . . . . . . .	P Near	 00000000 FLAT	Length= 00000000 External STDCALL
ExitProcess  . . . . . . . . . .	P Near	 00000000 FLAT	Length= 00000000 External STDCALL
FileTimeToDosDateTime  . . . . .	P Near	 00000000 FLAT	Length= 00000000 External STDCALL
FileTimeToSystemTime . . . . . .	P Near	 00000000 FLAT	Length= 00000000 External STDCALL
FlushConsoleInputBuffer  . . . .	P Near	 00000000 FLAT	Length= 00000000 External STDCALL
FormatMessageA . . . . . . . . .	P Near	 00000000 FLAT	Length= 00000000 External STDCALL
GetCommandLineA  . . . . . . . .	P Near	 00000000 FLAT	Length= 00000000 External STDCALL
GetCommandTail . . . . . . . . .	P Near	 00000000 FLAT	Length= 00000000 External STDCALL
GetConsoleCP . . . . . . . . . .	P Near	 00000000 FLAT	Length= 00000000 External STDCALL
GetConsoleCursorInfo . . . . . .	P Near	 00000000 FLAT	Length= 00000000 External STDCALL
GetConsoleMode . . . . . . . . .	P Near	 00000000 FLAT	Length= 00000000 External STDCALL
GetConsoleScreenBufferInfo . . .	P Near	 00000000 FLAT	Length= 00000000 External STDCALL
GetDateTime  . . . . . . . . . .	P Near	 00000000 FLAT	Length= 00000000 External STDCALL
GetFileTime  . . . . . . . . . .	P Near	 00000000 FLAT	Length= 00000000 External STDCALL
GetKeyState  . . . . . . . . . .	P Near	 00000000 FLAT	Length= 00000000 External STDCALL
GetLastError . . . . . . . . . .	P Near	 00000000 FLAT	Length= 00000000 External STDCALL
GetLocalTime . . . . . . . . . .	P Near	 00000000 FLAT	Length= 00000000 External STDCALL
GetMaxXY . . . . . . . . . . . .	P Near	 00000000 FLAT	Length= 00000000 External STDCALL
GetMseconds  . . . . . . . . . .	P Near	 00000000 FLAT	Length= 00000000 External STDCALL
GetNumberOfConsoleInputEvents  .	P Near	 00000000 FLAT	Length= 00000000 External STDCALL
GetProcessHeap . . . . . . . . .	P Near	 00000000 FLAT	Length= 00000000 External STDCALL
GetStdHandle . . . . . . . . . .	P Near	 00000000 FLAT	Length= 00000000 External STDCALL
GetSystemTime  . . . . . . . . .	P Near	 00000000 FLAT	Length= 00000000 External STDCALL
GetTextColor . . . . . . . . . .	P Near	 00000000 FLAT	Length= 00000000 External STDCALL
GetTickCount . . . . . . . . . .	P Near	 00000000 FLAT	Length= 00000000 External STDCALL
Gotoxy . . . . . . . . . . . . .	P Near	 00000000 FLAT	Length= 00000000 External STDCALL
HeapAlloc  . . . . . . . . . . .	P Near	 00000000 FLAT	Length= 00000000 External STDCALL
HeapCreate . . . . . . . . . . .	P Near	 00000000 FLAT	Length= 00000000 External STDCALL
HeapDestroy  . . . . . . . . . .	P Near	 00000000 FLAT	Length= 00000000 External STDCALL
HeapFree . . . . . . . . . . . .	P Near	 00000000 FLAT	Length= 00000000 External STDCALL
HeapSize . . . . . . . . . . . .	P Near	 00000000 FLAT	Length= 00000000 External STDCALL
IsDigit  . . . . . . . . . . . .	P Near	 00000000 FLAT	Length= 00000000 External STDCALL
LocalFree  . . . . . . . . . . .	P Near	 00000000 FLAT	Length= 00000000 External STDCALL
MessageBoxA  . . . . . . . . . .	P Near	 00000000 FLAT	Length= 00000000 External STDCALL
MsgBoxAsk  . . . . . . . . . . .	P Near	 00000000 FLAT	Length= 00000000 External STDCALL
MsgBox . . . . . . . . . . . . .	P Near	 00000000 FLAT	Length= 00000000 External STDCALL
OpenInputFile  . . . . . . . . .	P Near	 00000000 FLAT	Length= 00000000 External STDCALL
ParseDecimal32 . . . . . . . . .	P Near	 00000000 FLAT	Length= 00000000 External STDCALL
ParseInteger32 . . . . . . . . .	P Near	 00000000 FLAT	Length= 00000000 External STDCALL
PeekConsoleInputA  . . . . . . .	P Near	 00000000 FLAT	Length= 00000000 External STDCALL
Random32 . . . . . . . . . . . .	P Near	 00000000 FLAT	Length= 00000000 External STDCALL
RandomRange  . . . . . . . . . .	P Near	 00000000 FLAT	Length= 00000000 External STDCALL
Randomize  . . . . . . . . . . .	P Near	 00000000 FLAT	Length= 00000000 External STDCALL
ReadChar . . . . . . . . . . . .	P Near	 00000000 FLAT	Length= 00000000 External STDCALL
ReadConsoleA . . . . . . . . . .	P Near	 00000000 FLAT	Length= 00000000 External STDCALL
ReadConsoleInputA  . . . . . . .	P Near	 00000000 FLAT	Length= 00000000 External STDCALL
ReadDec  . . . . . . . . . . . .	P Near	 00000000 FLAT	Length= 00000000 External STDCALL
ReadFile . . . . . . . . . . . .	P Near	 00000000 FLAT	Length= 00000000 External STDCALL
ReadFloat  . . . . . . . . . . .	P Near	 00000000 FLAT	Length= 00000000 External STDCALL
ReadFromFile . . . . . . . . . .	P Near	 00000000 FLAT	Length= 00000000 External STDCALL
ReadHex  . . . . . . . . . . . .	P Near	 00000000 FLAT	Length= 00000000 External STDCALL
ReadInt  . . . . . . . . . . . .	P Near	 00000000 FLAT	Length= 00000000 External STDCALL
ReadKeyFlush . . . . . . . . . .	P Near	 00000000 FLAT	Length= 00000000 External STDCALL
ReadKey  . . . . . . . . . . . .	P Near	 00000000 FLAT	Length= 00000000 External STDCALL
ReadString . . . . . . . . . . .	P Near	 00000000 FLAT	Length= 00000000 External STDCALL
SetConsoleCursorInfo . . . . . .	P Near	 00000000 FLAT	Length= 00000000 External STDCALL
SetConsoleCursorPosition . . . .	P Near	 00000000 FLAT	Length= 00000000 External STDCALL
SetConsoleMode . . . . . . . . .	P Near	 00000000 FLAT	Length= 00000000 External STDCALL
SetConsoleScreenBufferSize . . .	P Near	 00000000 FLAT	Length= 00000000 External STDCALL
SetConsoleTextAttribute  . . . .	P Near	 00000000 FLAT	Length= 00000000 External STDCALL
SetConsoleTitleA . . . . . . . .	P Near	 00000000 FLAT	Length= 00000000 External STDCALL
SetConsoleWindowInfo . . . . . .	P Near	 00000000 FLAT	Length= 00000000 External STDCALL
SetFilePointer . . . . . . . . .	P Near	 00000000 FLAT	Length= 00000000 External STDCALL
SetLocalTime . . . . . . . . . .	P Near	 00000000 FLAT	Length= 00000000 External STDCALL
SetTextColor . . . . . . . . . .	P Near	 00000000 FLAT	Length= 00000000 External STDCALL
ShowFPUStack . . . . . . . . . .	P Near	 00000000 FLAT	Length= 00000000 External STDCALL
Sleep  . . . . . . . . . . . . .	P Near	 00000000 FLAT	Length= 00000000 External STDCALL
StrLength  . . . . . . . . . . .	P Near	 00000000 FLAT	Length= 00000000 External STDCALL
Str_compare  . . . . . . . . . .	P Near	 00000000 FLAT	Length= 00000000 External STDCALL
Str_copy . . . . . . . . . . . .	P Near	 00000000 FLAT	Length= 00000000 External STDCALL
Str_length . . . . . . . . . . .	P Near	 00000000 FLAT	Length= 00000000 External STDCALL
Str_trim . . . . . . . . . . . .	P Near	 00000000 FLAT	Length= 00000000 External STDCALL
Str_ucase  . . . . . . . . . . .	P Near	 00000000 FLAT	Length= 00000000 External STDCALL
SystemTimeToFileTime . . . . . .	P Near	 00000000 FLAT	Length= 00000000 External STDCALL
WaitMsg  . . . . . . . . . . . .	P Near	 00000000 FLAT	Length= 00000000 External STDCALL
WriteBinB  . . . . . . . . . . .	P Near	 00000000 FLAT	Length= 00000000 External STDCALL
WriteBin . . . . . . . . . . . .	P Near	 00000000 FLAT	Length= 00000000 External STDCALL
WriteChar  . . . . . . . . . . .	P Near	 00000000 FLAT	Length= 00000000 External STDCALL
WriteConsoleA  . . . . . . . . .	P Near	 00000000 FLAT	Length= 00000000 External STDCALL
WriteConsoleOutputAttribute  . .	P Near	 00000000 FLAT	Length= 00000000 External STDCALL
WriteConsoleOutputCharacterA . .	P Near	 00000000 FLAT	Length= 00000000 External STDCALL
WriteDec . . . . . . . . . . . .	P Near	 00000000 FLAT	Length= 00000000 External STDCALL
WriteFile  . . . . . . . . . . .	P Near	 00000000 FLAT	Length= 00000000 External STDCALL
WriteFloat . . . . . . . . . . .	P Near	 00000000 FLAT	Length= 00000000 External STDCALL
WriteHexB  . . . . . . . . . . .	P Near	 00000000 FLAT	Length= 00000000 External STDCALL
WriteHex . . . . . . . . . . . .	P Near	 00000000 FLAT	Length= 00000000 External STDCALL
WriteInt . . . . . . . . . . . .	P Near	 00000000 FLAT	Length= 00000000 External STDCALL
WriteStackFrameName  . . . . . .	P Near	 00000000 FLAT	Length= 00000000 External STDCALL
WriteStackFrame  . . . . . . . .	P Near	 00000000 FLAT	Length= 00000000 External STDCALL
WriteString  . . . . . . . . . .	P Near	 00000000 FLAT	Length= 00000000 External STDCALL
WriteToFile  . . . . . . . . . .	P Near	 00000000 FLAT	Length= 00000000 External STDCALL
WriteWindowsMsg  . . . . . . . .	P Near	 00000000 FLAT	Length= 00000000 External STDCALL
except . . . . . . . . . . . . .	P Near	 000001A3 _TEXT	Length= 00000053 Public STDCALL
  noZero . . . . . . . . . . . .	L Near	 000001CC _TEXT	
  noZero2  . . . . . . . . . . .	L Near	 000001F0 _TEXT	
less . . . . . . . . . . . . . .	P Near	 000000F5 _TEXT	Length= 0000005B Public STDCALL
  noZero . . . . . . . . . . . .	L Near	 0000011E _TEXT	
  noZero2  . . . . . . . . . . .	L Near	 00000145 _TEXT	
main . . . . . . . . . . . . . .	P Near	 00000000 _TEXT	Length= 0000032C Public STDCALL
multiply . . . . . . . . . . . .	P Near	 00000150 _TEXT	Length= 00000053 Public STDCALL
  noZero . . . . . . . . . . . .	L Near	 00000179 _TEXT	
  noZero2  . . . . . . . . . . .	L Near	 0000019D _TEXT	
plus . . . . . . . . . . . . . .	P Near	 00000093 _TEXT	Length= 00000062 Public STDCALL
  noZero . . . . . . . . . . . .	L Near	 000000BC _TEXT	
  noZero2  . . . . . . . . . . .	L Near	 000000E3 _TEXT	
printf . . . . . . . . . . . . .	P Near	 00000000 FLAT	Length= 00000000 External C
print  . . . . . . . . . . . . .	P Near	 00000265 _TEXT	Length= 000000C7 Public STDCALL
  nosign . . . . . . . . . . . .	L Near	 00000278 _TEXT	
  Msign  . . . . . . . . . . . .	L Near	 0000029D _TEXT	
  Next . . . . . . . . . . . . .	L Near	 000002AC _TEXT	
  sign . . . . . . . . . . . . .	L Near	 00000321 _TEXT	
reduction  . . . . . . . . . . .	P Near	 000001F6 _TEXT	Length= 0000006F Public STDCALL
  nosign1  . . . . . . . . . . .	L Near	 0000020C _TEXT	
  nosign2  . . . . . . . . . . .	L Near	 00000219 _TEXT	
  flounder . . . . . . . . . . .	L Near	 00000219 _TEXT	
  Mbig . . . . . . . . . . . . .	L Near	 00000234 _TEXT	
  endflounder  . . . . . . . . .	L Near	 0000023D _TEXT	
scanf  . . . . . . . . . . . . .	P Near	 00000000 FLAT	Length= 00000000 External C
wsprintfA  . . . . . . . . . . .	P Near	 00000000 FLAT	Length= 00000000 External C


Symbols:

                N a m e                 Type     Value    Attr

@CodeSize  . . . . . . . . . . .	Number	 00000000h   
@DataSize  . . . . . . . . . . .	Number	 00000000h   
@Interface . . . . . . . . . . .	Number	 00000003h   
@Model . . . . . . . . . . . . .	Number	 00000007h   
@code  . . . . . . . . . . . . .	Text   	 _TEXT
@data  . . . . . . . . . . . . .	Text   	 FLAT
@fardata?  . . . . . . . . . . .	Text   	 FLAT
@fardata . . . . . . . . . . . .	Text   	 FLAT
@stack . . . . . . . . . . . . .	Text   	 FLAT
ALT_MASK . . . . . . . . . . . .	Number	 00000003h   
Anum . . . . . . . . . . . . . .	DWord	 00000057 _DATA	
Bnum . . . . . . . . . . . . . .	DWord	 0000005B _DATA	
CAPSLOCK_ON  . . . . . . . . . .	Number	 00000080h   
CREATE_ALWAYS  . . . . . . . . .	Number	 00000002h   
CREATE_NEW . . . . . . . . . . .	Number	 00000001h   
CTRL_MASK  . . . . . . . . . . .	Number	 0000000Ch   
Cnum . . . . . . . . . . . . . .	DWord	 0000005F _DATA	
CreateFile . . . . . . . . . . .	Text   	 CreateFileA
DO_NOT_SHARE . . . . . . . . . .	Number	 00000000h   
Dnum . . . . . . . . . . . . . .	DWord	 00000063 _DATA	
ENABLE_ECHO_INPUT  . . . . . . .	Number	 00000004h   
ENABLE_LINE_INPUT  . . . . . . .	Number	 00000002h   
ENABLE_MOUSE_INPUT . . . . . . .	Number	 00000010h   
ENABLE_PROCESSED_INPUT . . . . .	Number	 00000001h   
ENABLE_PROCESSED_OUTPUT  . . . .	Number	 00000001h   
ENABLE_WINDOW_INPUT  . . . . . .	Number	 00000008h   
ENABLE_WRAP_AT_EOL_OUTPUT  . . .	Number	 00000002h   
ENHANCED_KEY . . . . . . . . . .	Number	 00000100h   
FALSE  . . . . . . . . . . . . .	Number	 00000000h   
FILE_APPEND_DATA . . . . . . . .	Number	 00000004h   
FILE_ATTRIBUTE_ARCHIVE . . . . .	Number	 00000020h   
FILE_ATTRIBUTE_COMPRESSED  . . .	Number	 00000800h   
FILE_ATTRIBUTE_DEVICE  . . . . .	Number	 00000040h   
FILE_ATTRIBUTE_DIRECTORY . . . .	Number	 00000010h   
FILE_ATTRIBUTE_ENCRYPTED . . . .	Number	 00004000h   
FILE_ATTRIBUTE_HIDDEN  . . . . .	Number	 00000002h   
FILE_ATTRIBUTE_NORMAL  . . . . .	Number	 00000080h   
FILE_ATTRIBUTE_NOT_CONTENT_INDEXED .	Number	 00002000h   
FILE_ATTRIBUTE_OFFLINE . . . . .	Number	 00001000h   
FILE_ATTRIBUTE_READONLY  . . . .	Number	 00000001h   
FILE_ATTRIBUTE_REPARSE_POINT . .	Number	 00000400h   
FILE_ATTRIBUTE_SPARSE_FILE . . .	Number	 00000200h   
FILE_ATTRIBUTE_SYSTEM  . . . . .	Number	 00000004h   
FILE_ATTRIBUTE_TEMPORARY . . . .	Number	 00000100h   
FILE_BEGIN . . . . . . . . . . .	Number	 00000000h   
FILE_CURRENT . . . . . . . . . .	Number	 00000001h   
FILE_DELETE_CHILD  . . . . . . .	Number	 00000040h   
FILE_END . . . . . . . . . . . .	Number	 00000002h   
FILE_READ_DATA . . . . . . . . .	Number	 00000001h   
FILE_SHARE_DELETE  . . . . . . .	Number	 00000004h   
FILE_SHARE_READ  . . . . . . . .	Number	 00000001h   
FILE_SHARE_WRITE . . . . . . . .	Number	 00000002h   
FILE_WRITE_DATA  . . . . . . . .	Number	 00000002h   
FOCUS_EVENT  . . . . . . . . . .	Number	 00000010h   
FORMAT_MESSAGE_ALLOCATE_BUFFER .	Number	 00000100h   
FORMAT_MESSAGE_FROM_SYSTEM . . .	Number	 00001000h   
FormatMessage  . . . . . . . . .	Text   	 FormatMessageA
GENERIC_ALL  . . . . . . . . . .	Number	 10000000h   
GENERIC_EXECUTE  . . . . . . . .	Number	 20000000h   
GENERIC_READ . . . . . . . . . .	Number	 -80000000h   
GENERIC_WRITE  . . . . . . . . .	Number	 40000000h   
GetCommandLine . . . . . . . . .	Text   	 GetCommandLineA
HANDLE . . . . . . . . . . . . .	Text   	 DWORD
HEAP_GENERATE_EXCEPTIONS . . . .	Number	 00000004h   
HEAP_GROWABLE  . . . . . . . . .	Number	 00000002h   
HEAP_NO_SERIALIZE  . . . . . . .	Number	 00000001h   
HEAP_REALLOC_IN_PLACE_ONLY . . .	Number	 00000010h   
HEAP_ZERO_MEMORY . . . . . . . .	Number	 00000008h   
IDABORT  . . . . . . . . . . . .	Number	 00000003h   
IDCANCEL . . . . . . . . . . . .	Number	 00000002h   
IDCLOSE  . . . . . . . . . . . .	Number	 00000008h   
IDCONTINUE . . . . . . . . . . .	Number	 0000000Bh   
IDHELP . . . . . . . . . . . . .	Number	 00000009h   
IDIGNORE . . . . . . . . . . . .	Number	 00000005h   
IDNO . . . . . . . . . . . . . .	Number	 00000007h   
IDOK . . . . . . . . . . . . . .	Number	 00000001h   
IDRETRY  . . . . . . . . . . . .	Number	 00000004h   
IDTIMEOUT  . . . . . . . . . . .	Number	 00007D00h   
IDTRYAGAIN . . . . . . . . . . .	Number	 0000000Ah   
IDYES  . . . . . . . . . . . . .	Number	 00000006h   
INVALID_HANDLE_VALUE . . . . . .	Number	 -00000001h   
KBDOWN_FLAG  . . . . . . . . . .	Number	 00000001h   
KEY_EVENT  . . . . . . . . . . .	Number	 00000001h   
KEY_MASKS  . . . . . . . . . . .	Number	 0000001Fh   
LEFT_ALT_PRESSED . . . . . . . .	Number	 00000002h   
LEFT_CTRL_PRESSED  . . . . . . .	Number	 00000008h   
MB_ABORTRETRYIGNORE  . . . . . .	Number	 00000002h   
MB_APPLMODAL . . . . . . . . . .	Number	 00000000h   
MB_CANCELTRYCONTINUE . . . . . .	Number	 00000006h   
MB_DEFBUTTON1  . . . . . . . . .	Number	 00000000h   
MB_DEFBUTTON2  . . . . . . . . .	Number	 00000100h   
MB_DEFBUTTON3  . . . . . . . . .	Number	 00000200h   
MB_DEFBUTTON4  . . . . . . . . .	Number	 00000300h   
MB_HELP  . . . . . . . . . . . .	Number	 00004000h   
MB_ICONASTERISK  . . . . . . . .	Number	 00000040h   
MB_ICONERROR . . . . . . . . . .	Number	 00000010h   
MB_ICONEXCLAMATION . . . . . . .	Number	 00000030h   
MB_ICONHAND  . . . . . . . . . .	Number	 00000010h   
MB_ICONINFORMATION . . . . . . .	Number	 00000040h   
MB_ICONQUESTION  . . . . . . . .	Number	 00000020h   
MB_ICONSTOP  . . . . . . . . . .	Number	 00000010h   
MB_ICONWARNING . . . . . . . . .	Number	 00000030h   
MB_OKCANCEL  . . . . . . . . . .	Number	 00000001h   
MB_OK  . . . . . . . . . . . . .	Number	 00000000h   
MB_RETRYCANCEL . . . . . . . . .	Number	 00000005h   
MB_SYSTEMMODAL . . . . . . . . .	Number	 00001000h   
MB_TASKMODAL . . . . . . . . . .	Number	 00002000h   
MB_USERICON  . . . . . . . . . .	Number	 00000080h   
MB_YESNOCANCEL . . . . . . . . .	Number	 00000003h   
MB_YESNO . . . . . . . . . . . .	Number	 00000004h   
MENU_EVENT . . . . . . . . . . .	Number	 00000008h   
MOUSE_EVENT  . . . . . . . . . .	Number	 00000002h   
MessageBox . . . . . . . . . . .	Text   	 MessageBoxA
Msg10  . . . . . . . . . . . . .	Byte	 00000043 _DATA	
Msg11  . . . . . . . . . . . . .	Byte	 00000045 _DATA	
Msg12  . . . . . . . . . . . . .	Byte	 0000004A _DATA	
Msg13  . . . . . . . . . . . . .	Byte	 00000051 _DATA	
Msg14  . . . . . . . . . . . . .	Byte	 00000055 _DATA	
Msg1 . . . . . . . . . . . . . .	Byte	 00000000 _DATA	
Msg2 . . . . . . . . . . . . . .	Byte	 0000000B _DATA	
Msg3 . . . . . . . . . . . . . .	Byte	 00000016 _DATA	
Msg4 . . . . . . . . . . . . . .	Byte	 00000021 _DATA	
Msg5 . . . . . . . . . . . . . .	Byte	 0000002C _DATA	
Msg6 . . . . . . . . . . . . . .	Byte	 00000031 _DATA	
Msg7 . . . . . . . . . . . . . .	Byte	 00000036 _DATA	
Msg8 . . . . . . . . . . . . . .	Byte	 0000003B _DATA	
Msg9 . . . . . . . . . . . . . .	Byte	 00000040 _DATA	
NULL . . . . . . . . . . . . . .	Number	 00000000h   
NUMLOCK_ON . . . . . . . . . . .	Number	 00000020h   
OPEN_ALWAYS  . . . . . . . . . .	Number	 00000004h   
OPEN_EXISTING  . . . . . . . . .	Number	 00000003h   
PeekConsoleInput . . . . . . . .	Text   	 PeekConsoleInputA
RIGHT_ALT_PRESSED  . . . . . . .	Number	 00000001h   
RIGHT_CTRL_PRESSED . . . . . . .	Number	 00000004h   
ReadConsoleInput . . . . . . . .	Text   	 ReadConsoleInputA
ReadConsole  . . . . . . . . . .	Text   	 ReadConsoleA
SCROLLLOCK_ON  . . . . . . . . .	Number	 00000040h   
SHIFT_MASK . . . . . . . . . . .	Number	 00000010h   
SHIFT_PRESSED  . . . . . . . . .	Number	 00000010h   
STD_ERROR_HANDLE . . . . . . . .	Number	 -0000000Ch   
STD_INPUT_HANDLE . . . . . . . .	Number	 -0000000Ah   
STD_OUTPUT_HANDLE  . . . . . . .	Number	 -0000000Bh   
SetConsoleTitle  . . . . . . . .	Text   	 SetConsoleTitleA
TAB  . . . . . . . . . . . . . .	Number	 00000009h   
TRUE . . . . . . . . . . . . . .	Number	 00000001h   
TRUNCATE_EXISTING  . . . . . . .	Number	 00000005h   
VK_11  . . . . . . . . . . . . .	Number	 000000BDh   
VK_12  . . . . . . . . . . . . .	Number	 000000BBh   
VK_ADD . . . . . . . . . . . . .	Number	 0000006Bh   
VK_BACK  . . . . . . . . . . . .	Number	 00000008h   
VK_CANCEL  . . . . . . . . . . .	Number	 00000003h   
VK_CAPITAL . . . . . . . . . . .	Number	 00000014h   
VK_CLEAR . . . . . . . . . . . .	Number	 0000000Ch   
VK_CONTROL . . . . . . . . . . .	Number	 00000011h   
VK_DECIMAL . . . . . . . . . . .	Number	 0000006Eh   
VK_DELETE  . . . . . . . . . . .	Number	 0000002Eh   
VK_DIVIDE  . . . . . . . . . . .	Number	 0000006Fh   
VK_DOWN  . . . . . . . . . . . .	Number	 00000028h   
VK_END . . . . . . . . . . . . .	Number	 00000023h   
VK_ESCAPE  . . . . . . . . . . .	Number	 0000001Bh   
VK_EXECUTE . . . . . . . . . . .	Number	 0000002Bh   
VK_F10 . . . . . . . . . . . . .	Number	 00000079h   
VK_F11 . . . . . . . . . . . . .	Number	 0000007Ah   
VK_F12 . . . . . . . . . . . . .	Number	 0000007Bh   
VK_F13 . . . . . . . . . . . . .	Number	 0000007Ch   
VK_F14 . . . . . . . . . . . . .	Number	 0000007Dh   
VK_F15 . . . . . . . . . . . . .	Number	 0000007Eh   
VK_F16 . . . . . . . . . . . . .	Number	 0000007Fh   
VK_F17 . . . . . . . . . . . . .	Number	 00000080h   
VK_F18 . . . . . . . . . . . . .	Number	 00000081h   
VK_F19 . . . . . . . . . . . . .	Number	 00000082h   
VK_F1  . . . . . . . . . . . . .	Number	 00000070h   
VK_F20 . . . . . . . . . . . . .	Number	 00000083h   
VK_F21 . . . . . . . . . . . . .	Number	 00000084h   
VK_F22 . . . . . . . . . . . . .	Number	 00000085h   
VK_F23 . . . . . . . . . . . . .	Number	 00000086h   
VK_F24 . . . . . . . . . . . . .	Number	 00000087h   
VK_F2  . . . . . . . . . . . . .	Number	 00000071h   
VK_F3  . . . . . . . . . . . . .	Number	 00000072h   
VK_F4  . . . . . . . . . . . . .	Number	 00000073h   
VK_F5  . . . . . . . . . . . . .	Number	 00000074h   
VK_F6  . . . . . . . . . . . . .	Number	 00000075h   
VK_F7  . . . . . . . . . . . . .	Number	 00000076h   
VK_F8  . . . . . . . . . . . . .	Number	 00000077h   
VK_F9  . . . . . . . . . . . . .	Number	 00000078h   
VK_HELP  . . . . . . . . . . . .	Number	 0000002Fh   
VK_HOME  . . . . . . . . . . . .	Number	 00000024h   
VK_INSERT  . . . . . . . . . . .	Number	 0000002Dh   
VK_LBUTTON . . . . . . . . . . .	Number	 00000001h   
VK_LCONTROL  . . . . . . . . . .	Number	 000000A2h   
VK_LEFT  . . . . . . . . . . . .	Number	 00000025h   
VK_LMENU . . . . . . . . . . . .	Number	 000000A4h   
VK_LSHIFT  . . . . . . . . . . .	Number	 000000A0h   
VK_MENU  . . . . . . . . . . . .	Number	 00000012h   
VK_MULTIPLY  . . . . . . . . . .	Number	 0000006Ah   
VK_NEXT  . . . . . . . . . . . .	Number	 00000022h   
VK_NUMLOCK . . . . . . . . . . .	Number	 00000090h   
VK_NUMPAD0 . . . . . . . . . . .	Number	 00000060h   
VK_NUMPAD1 . . . . . . . . . . .	Number	 00000061h   
VK_NUMPAD2 . . . . . . . . . . .	Number	 00000062h   
VK_NUMPAD3 . . . . . . . . . . .	Number	 00000063h   
VK_NUMPAD4 . . . . . . . . . . .	Number	 00000064h   
VK_NUMPAD5 . . . . . . . . . . .	Number	 00000065h   
VK_NUMPAD6 . . . . . . . . . . .	Number	 00000066h   
VK_NUMPAD7 . . . . . . . . . . .	Number	 00000067h   
VK_NUMPAD8 . . . . . . . . . . .	Number	 00000068h   
VK_NUMPAD9 . . . . . . . . . . .	Number	 00000069h   
VK_PAUSE . . . . . . . . . . . .	Number	 00000013h   
VK_PRINT . . . . . . . . . . . .	Number	 0000002Ah   
VK_PRIOR . . . . . . . . . . . .	Number	 00000021h   
VK_RBUTTON . . . . . . . . . . .	Number	 00000002h   
VK_RCONTROL  . . . . . . . . . .	Number	 000000A3h   
VK_RETURN  . . . . . . . . . . .	Number	 0000000Dh   
VK_RIGHT . . . . . . . . . . . .	Number	 00000027h   
VK_RMENU . . . . . . . . . . . .	Number	 000000A5h   
VK_RSHIFT  . . . . . . . . . . .	Number	 000000A1h   
VK_SCROLL  . . . . . . . . . . .	Number	 00000091h   
VK_SEPARATER . . . . . . . . . .	Number	 0000006Ch   
VK_SHIFT . . . . . . . . . . . .	Number	 00000010h   
VK_SNAPSHOT  . . . . . . . . . .	Number	 0000002Ch   
VK_SPACE . . . . . . . . . . . .	Number	 00000020h   
VK_SUBTRACT  . . . . . . . . . .	Number	 0000006Dh   
VK_TAB . . . . . . . . . . . . .	Number	 00000009h   
VK_UP  . . . . . . . . . . . . .	Number	 00000026h   
WINDOW_BUFFER_SIZE_EVENT . . . .	Number	 00000004h   
WriteConsoleOutputCharacter  . .	Text   	 WriteConsoleOutputCharacterA
WriteConsole . . . . . . . . . .	Text   	 WriteConsoleA
black  . . . . . . . . . . . . .	Number	 00000000h   
blue . . . . . . . . . . . . . .	Number	 00000001h   
brown  . . . . . . . . . . . . .	Number	 00000006h   
count  . . . . . . . . . . . . .	DWord	 00000067 _DATA	
cyan . . . . . . . . . . . . . .	Number	 00000003h   
denominator  . . . . . . . . . .	DWord	 0000006F _DATA	
exit . . . . . . . . . . . . . .	Text   	 INVOKE ExitProcess,0
gray . . . . . . . . . . . . . .	Number	 00000008h   
green  . . . . . . . . . . . . .	Number	 00000002h   
lightBlue  . . . . . . . . . . .	Number	 00000009h   
lightCyan  . . . . . . . . . . .	Number	 0000000Bh   
lightGray  . . . . . . . . . . .	Number	 00000007h   
lightGreen . . . . . . . . . . .	Number	 0000000Ah   
lightMagenta . . . . . . . . . .	Number	 0000000Dh   
lightRed . . . . . . . . . . . .	Number	 0000000Ch   
magenta  . . . . . . . . . . . .	Number	 00000005h   
molecular  . . . . . . . . . . .	DWord	 0000006B _DATA	
red  . . . . . . . . . . . . . .	Number	 00000004h   
white  . . . . . . . . . . . . .	Number	 0000000Fh   
wsprintf . . . . . . . . . . . .	Text   	 wsprintfA
yellow . . . . . . . . . . . . .	Number	 0000000Eh   

	   0 Warnings
	   0 Errors
